[2020-12-07 14:45:32,966] None requested None
INFO in _internal: 127.0.0.1 - - [07/Dec/2020 14:45:32] "[37mGET /cms/login HTTP/1.1[0m" 200 -
[2020-12-07 14:45:33,102] None requested None
INFO in _internal: 127.0.0.1 - - [07/Dec/2020 14:45:33] "[37mGET /auth/imgCode HTTP/1.1[0m" 200 -
[2020-12-07 14:47:05,159] None requested None
INFO in _internal:  * Detected change in 'F:\\vscode\\website\\website\\utils\\Log.py', reloading
[2020-12-07 14:47:05,350] None requested None
INFO in _internal:  * Restarting with stat
[2020-12-07 14:47:07,270] None requested None
WARNING in _internal:  * Debugger is active!
[2020-12-07 14:47:07,294] None requested None
INFO in _internal:  * Debugger PIN: 647-591-876
[2020-12-07 14:47:07,321] None requested None
INFO in _internal:  * Running on http://127.0.0.1:5006/ (Press CTRL+C to quit)
[2020-12-07 14:47:23,534] None requested None
INFO in _internal:  * Detected change in 'F:\\vscode\\website\\website\\utils\\Log.py', reloading
[2020-12-07 14:47:23,711] None requested None
INFO in _internal:  * Restarting with stat
[2020-12-07 14:47:25,667] None requested None
WARNING in _internal:  * Debugger is active!
[2020-12-07 14:47:25,677] None requested None
INFO in _internal:  * Debugger PIN: 647-591-876
[2020-12-07 14:47:25,706] None requested None
INFO in _internal:  * Running on http://127.0.0.1:5006/ (Press CTRL+C to quit)
[2020-12-07 19:02:50,284] None requested None
INFO in _internal:  * Detected change in 'F:\\vscode\\website\\website\\app\\views\\__init__.py', reloading
[2020-12-07 19:02:50,894] None requested None
INFO in _internal:  * Restarting with stat
